Oct-12 17:09:56.270 [main] DEBUG nextflow.cli.Launcher - $> nextflow run main.nf -resume
Oct-12 17:09:56.394 [main] INFO  nextflow.cli.CmdRun - N E X T F L O W  ~  version 22.10.0-RC3
Oct-12 17:09:56.412 [main] DEBUG nextflow.plugin.PluginsFacade - Setting up plugin manager > mode=prod; embedded=false; plugins-dir=/home/ubuntu/.nextflow/plugins; core-plugins: nf-amazon@1.11.0,nf-azure@0.14.2,nf-codecommit@0.1.2,nf-console@1.0.4,nf-ga4gh@1.0.4,nf-google@1.4.4,nf-tower@1.5.5,nf-wave@0.5.1
Oct-12 17:09:56.427 [main] INFO  org.pf4j.DefaultPluginStatusProvider - Enabled plugins: []
Oct-12 17:09:56.429 [main] INFO  org.pf4j.DefaultPluginStatusProvider - Disabled plugins: []
Oct-12 17:09:56.435 [main] INFO  org.pf4j.DefaultPluginManager - PF4J version 3.4.1 in 'deployment' mode
Oct-12 17:09:56.447 [main] INFO  org.pf4j.AbstractPluginManager - No plugins
Oct-12 17:09:56.463 [main] DEBUG nextflow.config.ConfigBuilder - Found config local: /home/ubuntu/ebs/working/nfExamples/testDwld/nextflow.config
Oct-12 17:09:56.463 [main] DEBUG nextflow.config.ConfigBuilder - Parsing config file: /home/ubuntu/ebs/working/nfExamples/testDwld/nextflow.config
Oct-12 17:09:56.485 [main] DEBUG nextflow.config.ConfigBuilder - Applying config profile: `standard`
Oct-12 17:09:57.129 [main] DEBUG nextflow.cli.CmdRun - Applied DSL=1 by probing script field
Oct-12 17:09:57.146 [main] INFO  nextflow.cli.CmdRun - Launching `main.nf` [hungry_babbage] DSL1 - revision: d6d2321fa6
Oct-12 17:09:57.147 [main] DEBUG nextflow.plugin.PluginsFacade - Plugins default=[nf-amazon@1.11.0]
Oct-12 17:09:57.149 [main] DEBUG nextflow.plugin.PluginsFacade - Plugins resolved requirement=[nf-amazon@1.11.0, nf-tower@1.5.5]
Oct-12 17:09:57.150 [main] DEBUG nextflow.plugin.PluginUpdater - Installing plugin nf-amazon version: 1.11.0
Oct-12 17:09:57.164 [main] INFO  org.pf4j.AbstractPluginManager - Plugin 'nf-amazon@1.11.0' resolved
Oct-12 17:09:57.164 [main] INFO  org.pf4j.AbstractPluginManager - Start plugin 'nf-amazon@1.11.0'
Oct-12 17:09:57.185 [main] DEBUG nextflow.plugin.BasePlugin - Plugin started nf-amazon@1.11.0
Oct-12 17:09:57.201 [main] DEBUG nextflow.file.FileHelper - > Added 'S3FileSystemProvider' to list of installed providers [s3]
Oct-12 17:09:57.201 [main] DEBUG nextflow.plugin.PluginUpdater - Installing plugin nf-tower version: 1.5.5
Oct-12 17:09:57.218 [main] INFO  org.pf4j.AbstractPluginManager - Plugin 'nf-tower@1.5.5' resolved
Oct-12 17:09:57.218 [main] INFO  org.pf4j.AbstractPluginManager - Start plugin 'nf-tower@1.5.5'
Oct-12 17:09:57.230 [main] DEBUG nextflow.plugin.BasePlugin - Plugin started nf-tower@1.5.5
Oct-12 17:09:57.241 [main] DEBUG nextflow.secret.LocalSecretsProvider - Secrets store: /home/ubuntu/.nextflow/secrets/store.json
Oct-12 17:09:57.244 [main] DEBUG nextflow.secret.SecretsLoader - Discovered secrets providers: [nextflow.secret.LocalSecretsProvider@3e67f5f2] - activable => nextflow.secret.LocalSecretsProvider@3e67f5f2
Oct-12 17:09:57.326 [main] DEBUG nextflow.Session - Session UUID: 68053adc-6b98-486e-8d01-61ee437118ac
Oct-12 17:09:57.326 [main] DEBUG nextflow.Session - Run name: hungry_babbage
Oct-12 17:09:57.329 [main] DEBUG nextflow.Session - Executor pool size: 48
Oct-12 17:09:57.339 [main] DEBUG nextflow.file.FileHelper - Creating a file system instance for provider: S3FileSystemProvider
Oct-12 17:09:57.357 [main] DEBUG nextflow.file.FileHelper - AWS S3 config details: {max_connections=1, region=us-west-2, s3Acl=BucketOwnerFullControl, upload_max_threads=1, max_error_retry=5}
Oct-12 17:09:57.784 [main] DEBUG com.upplication.s3fs.AmazonS3Client - Setting S3 canned ACL=bucket-owner-full-control [BucketOwnerFullControl]
Oct-12 17:09:57.784 [main] DEBUG com.upplication.s3fs.AmazonS3Client - Setting S3 upload max threads=1
Oct-12 17:09:57.812 [main] DEBUG nextflow.util.ThreadPoolBuilder - Creating thread pool 'FileTransfer' minSize=10; maxSize=144; workQueue=LinkedBlockingQueue[10000]; allowCoreThreadTimeout=false
Oct-12 17:09:57.824 [main] DEBUG nextflow.cli.CmdRun - 
  Version: 22.10.0-RC3 build 5820
  Created: 07-10-2022 21:33 UTC 
  System: Linux 5.15.0-1020-aws
  Runtime: Groovy 3.0.13 on OpenJDK 64-Bit Server VM 11.0.16+8-post-Ubuntu-0ubuntu122.04
  Encoding: UTF-8 (UTF-8)
  Process: 1709329@ip-172-31-7-169 [172.31.7.169]
  CPUs: 48 - Mem: 186.6 GB (12.1 GB) - Swap: 0 (0)
Oct-12 17:09:58.247 [main] DEBUG nextflow.file.FileHelper - Can't check if specified path is NFS (1): s3://tower-ops-2/work

Oct-12 17:09:58.248 [main] DEBUG nextflow.Session - Work-dir: s3://tower-ops-2/work [null]
Oct-12 17:09:58.254 [main] DEBUG nextflow.Session - Script base path does not exist or is not a directory: /home/ubuntu/ebs/working/nfExamples/testDwld/bin
Oct-12 17:09:58.274 [main] DEBUG nextflow.executor.ExecutorFactory - Extension executors providers=[AwsBatchExecutor]
Oct-12 17:09:58.285 [main] DEBUG nextflow.Session - Observer factory: DefaultObserverFactory
Oct-12 17:09:58.287 [main] DEBUG nextflow.Session - Observer factory: TowerFactory
Oct-12 17:09:58.303 [main] DEBUG nextflow.cache.CacheFactory - Using Nextflow cache factory: nextflow.cache.DefaultCacheFactory
Oct-12 17:09:58.312 [main] DEBUG nextflow.util.CustomThreadPool - Creating default thread pool > poolSize: 49; maxThreads: 1000
Oct-12 17:09:58.539 [main] DEBUG nextflow.Session - Session start
Oct-12 17:09:58.952 [main] DEBUG nextflow.script.ScriptRunner - > Launching execution
Oct-12 17:09:58.993 [PathVisitor-1] DEBUG nextflow.file.PathVisitor - files for syntax: glob; folder: /dovetail-public/NF-test/genome/nexflow/hg38/; pattern: *.{amb,sa,pac,ann,bwt,fa}; options: [checkIfExists:true]
Oct-12 17:09:59.044 [PathVisitor-2] DEBUG nextflow.file.PathVisitor - files for syntax: glob; folder: /dovetail-public/NF-test/fastqs/; pattern: *_{R1,R2}*.fastq.gz; options: [:]
Oct-12 17:09:59.125 [main] DEBUG nextflow.script.ProcessConfig - Config settings `withLabel:cpu` matches labels `cpu` for process with name bwa_mem
Oct-12 17:09:59.128 [main] DEBUG nextflow.executor.ExecutorFactory - << taskConfig executor: awsbatch
Oct-12 17:09:59.131 [main] DEBUG nextflow.executor.ExecutorFactory - >> processorType: 'awsbatch'
Oct-12 17:09:59.134 [main] DEBUG nextflow.executor.Executor - [warm up] executor > awsbatch
Oct-12 17:09:59.149 [main] DEBUG nextflow.util.ThrottlingExecutor - Creating throttling executor with opts: nextflow.util.ThrottlingExecutor$Options(poolName:AWSBatch-executor, limiter:RateLimiter[stableRate=50.0qps], poolSize:240, maxPoolSize:240, queueSize:5000, maxRetries:10, keepAlive:1m, autoThrottle:true, errorBurstDelay:1s, rampUpInterval:100, rampUpFactor:1.2, rampUpMaxRate:1.7976931348623157E308, backOffFactor:2.0, backOffMinRate:0.0166666667, retryDelay:1s)
Oct-12 17:09:59.154 [main] DEBUG nextflow.util.ThrottlingExecutor - Creating throttling executor with opts: nextflow.util.ThrottlingExecutor$Options(poolName:AWSBatch-reaper, limiter:RateLimiter[stableRate=50.0qps], poolSize:240, maxPoolSize:240, queueSize:5000, maxRetries:10, keepAlive:1m, autoThrottle:true, errorBurstDelay:1s, rampUpInterval:100, rampUpFactor:1.2, rampUpMaxRate:1.7976931348623157E308, backOffFactor:2.0, backOffMinRate:0.0166666667, retryDelay:1s)
Oct-12 17:09:59.155 [main] DEBUG n.cloud.aws.batch.AwsBatchExecutor - Creating parallel monitor for executor 'awsbatch' > pollInterval=10s; dumpInterval=5m
Oct-12 17:09:59.222 [main] DEBUG n.cloud.aws.batch.AwsBatchExecutor - [AWS BATCH] Executor options=AwsOptions(cliPath:/home/ec2-user/miniconda/bin/aws, storageClass:null, storageEncryption:null, storageKmsKeyId:null, remoteBinDir:null, region:us-west-2, maxParallelTransfers:1, maxTransferAttempts:5, delayBetweenAttempts:10s, retryMode:standard, maxSpotAttempts:5, debug:null, fetchInstanceType:false, jobRole:null, logsGroup:null, volumes:[], shareIdentifier:null, awsCli:/home/ec2-user/miniconda/bin/aws --region us-west-2)
Oct-12 17:09:59.286 [main] DEBUG nextflow.script.ProcessConfig - Config settings `withLabel:cpu` matches labels `cpu` for process with name bam_sort
Oct-12 17:09:59.288 [main] DEBUG nextflow.executor.ExecutorFactory - << taskConfig executor: awsbatch
Oct-12 17:09:59.292 [main] DEBUG nextflow.executor.ExecutorFactory - >> processorType: 'awsbatch'
Oct-12 17:09:59.298 [main] DEBUG nextflow.script.ProcessConfig - Config settings `withLabel:major` matches labels `major` for process with name bam2bw
Oct-12 17:09:59.301 [main] DEBUG nextflow.executor.ExecutorFactory - << taskConfig executor: awsbatch
Oct-12 17:09:59.305 [main] DEBUG nextflow.executor.ExecutorFactory - >> processorType: 'awsbatch'
Oct-12 17:09:59.309 [main] DEBUG nextflow.Session - Workflow process names [dsl1]: bwa_mem, bam2bw, bam_sort
Oct-12 17:09:59.311 [main] DEBUG nextflow.script.ScriptRunner - > Awaiting termination 
Oct-12 17:09:59.311 [main] DEBUG nextflow.Session - Session await
Oct-12 17:10:11.450 [Actor Thread 42] INFO  nextflow.processor.TaskProcessor - [c9/29c353] Cached process > bwa_mem (gendx-10)
Oct-12 17:10:11.481 [Actor Thread 42] DEBUG nextflow.util.ThreadPoolBuilder - Creating thread pool 'PublishDir' minSize=10; maxSize=144; workQueue=LinkedBlockingQueue[10000]; allowCoreThreadTimeout=false
Oct-12 17:10:11.638 [Actor Thread 33] INFO  nextflow.processor.TaskProcessor - [cf/c2a5ce] Cached process > bwa_mem (gendx-9)
Oct-12 17:10:11.744 [Actor Thread 43] INFO  nextflow.processor.TaskProcessor - [48/a8bb19] Cached process > bwa_mem (gendx-16)
Oct-12 17:10:11.783 [Actor Thread 47] INFO  nextflow.processor.TaskProcessor - [71/934360] Cached process > bwa_mem (gendx-14)
Oct-12 17:10:11.868 [PublishDir-2] DEBUG c.u.s3fs.S3FileSystemProvider - S3 download file from=s3://tower-ops-2/work/c9/29c353556a41693d29791fb7df203c/gendx-10_S18_L001_R1_001.fastq.gz to=/home/ubuntu/ebs/working/nfExamples/testDwld/tmp/fastqs/gendx-10_S18_L001_R1_001.fastq.gz
Oct-12 17:10:11.868 [PublishDir-2] DEBUG com.upplication.s3fs.AmazonS3Client - Creating S3 transfer manager pool - chunk-size=104857600; max-treads=1;
Oct-12 17:10:11.873 [PublishDir-2] DEBUG nextflow.util.ThreadPoolBuilder - Creating thread pool 's3-transfer-manager' minSize=1; maxSize=1; workQueue=LinkedBlockingQueue[100]; allowCoreThreadTimeout=false
Oct-12 17:10:11.885 [PublishDir-1] DEBUG c.u.s3fs.S3FileSystemProvider - S3 download file from=s3://tower-ops-2/work/c9/29c353556a41693d29791fb7df203c/gendx-10_S18_L001_R2_001.fastq.gz to=/home/ubuntu/ebs/working/nfExamples/testDwld/tmp/fastqs/gendx-10_S18_L001_R2_001.fastq.gz
Oct-12 17:10:11.929 [Actor Thread 41] INFO  nextflow.processor.TaskProcessor - [c4/adff5e] Cached process > bwa_mem (gendx-1)
Oct-12 17:10:11.973 [Actor Thread 17] INFO  nextflow.processor.TaskProcessor - [4f/68f90f] Cached process > bwa_mem (gendx-7)
Oct-12 17:10:11.996 [Actor Thread 39] INFO  nextflow.processor.TaskProcessor - [5a/e3dea2] Cached process > bwa_mem (gendx-2)
Oct-12 17:10:12.020 [Actor Thread 48] INFO  nextflow.processor.TaskProcessor - [ae/569666] Cached process > bwa_mem (gendx-13)
Oct-12 17:10:12.045 [Actor Thread 49] INFO  nextflow.processor.TaskProcessor - [ea/b02d0d] Cached process > bwa_mem (gendx-6)
Oct-12 17:10:12.070 [Actor Thread 38] INFO  nextflow.processor.TaskProcessor - [88/4ac27b] Cached process > bwa_mem (gendx-3)
Oct-12 17:10:12.114 [PublishDir-3] DEBUG c.u.s3fs.S3FileSystemProvider - S3 download file from=s3://tower-ops-2/work/cf/c2a5ce8303a0c1294c59a4a034166e/gendx-9_S17_L001_R1_001.fastq.gz to=/home/ubuntu/ebs/working/nfExamples/testDwld/tmp/fastqs/gendx-9_S17_L001_R1_001.fastq.gz
Oct-12 17:10:12.135 [PublishDir-4] DEBUG c.u.s3fs.S3FileSystemProvider - S3 download file from=s3://tower-ops-2/work/cf/c2a5ce8303a0c1294c59a4a034166e/gendx-9_S17_L001_R2_001.fastq.gz to=/home/ubuntu/ebs/working/nfExamples/testDwld/tmp/fastqs/gendx-9_S17_L001_R2_001.fastq.gz
Oct-12 17:10:12.159 [Actor Thread 46] INFO  nextflow.processor.TaskProcessor - [76/efd702] Cached process > bwa_mem (gendx-12)
Oct-12 17:10:12.182 [Actor Thread 45] INFO  nextflow.processor.TaskProcessor - [5c/88964b] Cached process > bwa_mem (gendx-15)
Oct-12 17:10:12.257 [PublishDir-6] DEBUG c.u.s3fs.S3FileSystemProvider - S3 download file from=s3://tower-ops-2/work/48/a8bb199117ab1152cfac7de8667717/gendx-16_S24_L001_R1_001.fastq.gz to=/home/ubuntu/ebs/working/nfExamples/testDwld/tmp/fastqs/gendx-16_S24_L001_R1_001.fastq.gz
Oct-12 17:10:12.277 [PublishDir-5] DEBUG c.u.s3fs.S3FileSystemProvider - S3 download file from=s3://tower-ops-2/work/48/a8bb199117ab1152cfac7de8667717/gendx-16_S24_L001_R2_001.fastq.gz to=/home/ubuntu/ebs/working/nfExamples/testDwld/tmp/fastqs/gendx-16_S24_L001_R2_001.fastq.gz
Oct-12 17:10:12.326 [PublishDir-7] DEBUG c.u.s3fs.S3FileSystemProvider - S3 download file from=s3://tower-ops-2/work/71/93436085a658d1cb17ec1972e42687/gendx-14_S22_L001_R2_001.fastq.gz to=/home/ubuntu/ebs/working/nfExamples/testDwld/tmp/fastqs/gendx-14_S22_L001_R2_001.fastq.gz
Oct-12 17:10:12.350 [PublishDir-8] DEBUG c.u.s3fs.S3FileSystemProvider - S3 download file from=s3://tower-ops-2/work/71/93436085a658d1cb17ec1972e42687/gendx-14_S22_L001_R1_001.fastq.gz to=/home/ubuntu/ebs/working/nfExamples/testDwld/tmp/fastqs/gendx-14_S22_L001_R1_001.fastq.gz
Oct-12 17:10:12.429 [Actor Thread 34] INFO  nextflow.processor.TaskProcessor - [fa/10a136] Cached process > bwa_mem (gendx-8)
Oct-12 17:10:12.930 [PublishDir-9] DEBUG c.u.s3fs.S3FileSystemProvider - S3 download file from=s3://tower-ops-2/work/c4/adff5e0dec0f905ddd9309ce543f7f/gendx-1_S12_L001_R1_001.fastq.gz to=/home/ubuntu/ebs/working/nfExamples/testDwld/tmp/fastqs/gendx-1_S12_L001_R1_001.fastq.gz
Oct-12 17:10:13.005 [PublishDir-10] DEBUG c.u.s3fs.S3FileSystemProvider - S3 download file from=s3://tower-ops-2/work/c4/adff5e0dec0f905ddd9309ce543f7f/gendx-1_S12_L001_R2_001.fastq.gz to=/home/ubuntu/ebs/working/nfExamples/testDwld/tmp/fastqs/gendx-1_S12_L001_R2_001.fastq.gz
Oct-12 17:10:14.359 [Actor Thread 44] INFO  nextflow.processor.TaskProcessor - [44/893af1] Cached process > bwa_mem (gendx-11)
Oct-12 17:10:14.955 [Actor Thread 35] INFO  nextflow.processor.TaskProcessor - [fa/7d41b5] Cached process > bwa_mem (gendx-5)
Oct-12 17:10:15.579 [Actor Thread 37] INFO  nextflow.processor.TaskProcessor - [f7/656c0b] Cached process > bwa_mem (gendx-4)
Oct-12 17:10:19.175 [Actor Thread 32] INFO  nextflow.processor.TaskProcessor - [99/bbfea1] Cached process > bam_sort (gendx-10)
Oct-12 17:10:20.834 [Actor Thread 42] INFO  nextflow.processor.TaskProcessor - [e6/f70a2a] Cached process > bam_sort (gendx-14)
Oct-12 17:10:21.080 [Actor Thread 49] INFO  nextflow.processor.TaskProcessor - [52/43a99b] Cached process > bam_sort (gendx-12)
Oct-12 17:10:21.128 [Actor Thread 43] INFO  nextflow.processor.TaskProcessor - [e6/73f9a0] Cached process > bam_sort (gendx-7)
Oct-12 17:10:21.197 [Actor Thread 31] INFO  nextflow.processor.TaskProcessor - [fb/0b665d] Cached process > bam_sort (gendx-9)
Oct-12 17:10:21.230 [Actor Thread 33] INFO  nextflow.processor.TaskProcessor - [28/51296b] Cached process > bam_sort (gendx-1)
Oct-12 17:10:21.287 [Actor Thread 17] INFO  nextflow.processor.TaskProcessor - [3d/eb1115] Cached process > bam_sort (gendx-6)
Oct-12 17:10:21.367 [Actor Thread 46] INFO  nextflow.processor.TaskProcessor - [c9/533da1] Cached process > bam_sort (gendx-8)
Oct-12 17:10:21.394 [Actor Thread 36] INFO  nextflow.processor.TaskProcessor - [a9/d5268d] Cached process > bam_sort (gendx-16)
Oct-12 17:10:21.426 [Actor Thread 48] INFO  nextflow.processor.TaskProcessor - [af/28f6d6] Cached process > bam_sort (gendx-3)
Oct-12 17:10:21.454 [Actor Thread 38] INFO  nextflow.processor.TaskProcessor - [e9/52310a] Cached process > bam_sort (gendx-15)
Oct-12 17:10:21.550 [Actor Thread 15] INFO  nextflow.processor.TaskProcessor - [f4/dd93a9] Cached process > bam_sort (gendx-13)
Oct-12 17:10:21.613 [Actor Thread 41] INFO  nextflow.processor.TaskProcessor - [5b/382703] Cached process > bam_sort (gendx-2)
Oct-12 17:10:22.222 [Actor Thread 45] INFO  nextflow.processor.TaskProcessor - [7e/6242ac] Cached process > bam_sort (gendx-11)
Oct-12 17:10:22.405 [Actor Thread 34] INFO  nextflow.processor.TaskProcessor - [d7/60bea8] Cached process > bam_sort (gendx-5)
Oct-12 17:10:22.469 [Actor Thread 39] INFO  nextflow.processor.TaskProcessor - [4c/abbf6a] Cached process > bam_sort (gendx-4)
Oct-12 17:10:23.579 [Actor Thread 35] INFO  nextflow.processor.TaskProcessor - [87/8d78b6] Cached process > bam2bw (_gendx-10)
Oct-12 17:10:24.233 [Actor Thread 33] INFO  nextflow.processor.TaskProcessor - [e7/0a7060] Cached process > bam2bw (_gendx-1)
Oct-12 17:10:24.898 [Actor Thread 49] INFO  nextflow.processor.TaskProcessor - [33/a5fbc3] Cached process > bam2bw (_gendx-7)
Oct-12 17:10:25.027 [Actor Thread 44] INFO  nextflow.processor.TaskProcessor - [9a/c72d76] Cached process > bam2bw (_gendx-12)
Oct-12 17:10:25.135 [Actor Thread 31] INFO  nextflow.processor.TaskProcessor - [84/97e132] Cached process > bam2bw (_gendx-6)
Oct-12 17:10:25.173 [Actor Thread 36] INFO  nextflow.processor.TaskProcessor - [f0/ca8455] Cached process > bam2bw (_gendx-16)
Oct-12 17:10:25.611 [Actor Thread 46] INFO  nextflow.processor.TaskProcessor - [5e/4f0a7e] Cached process > bam2bw (_gendx-3)
Oct-12 17:10:25.671 [Actor Thread 37] INFO  nextflow.processor.TaskProcessor - [7a/a536e2] Cached process > bam2bw (_gendx-14)
Oct-12 17:10:25.803 [Actor Thread 38] INFO  nextflow.processor.TaskProcessor - [08/546270] Cached process > bam2bw (_gendx-13)
Oct-12 17:10:25.873 [Actor Thread 43] INFO  nextflow.processor.TaskProcessor - [6d/3f355b] Cached process > bam2bw (_gendx-9)
Oct-12 17:10:25.955 [Actor Thread 48] INFO  nextflow.processor.TaskProcessor - [9e/3e55f6] Cached process > bam2bw (_gendx-15)
Oct-12 17:10:26.063 [Actor Thread 15] INFO  nextflow.processor.TaskProcessor - [6d/625c86] Cached process > bam2bw (_gendx-2)
Oct-12 17:10:26.235 [Actor Thread 17] INFO  nextflow.processor.TaskProcessor - [4d/aaacf1] Cached process > bam2bw (_gendx-8)
Oct-12 17:10:26.482 [Actor Thread 42] INFO  nextflow.processor.TaskProcessor - [af/fa5e7f] Cached process > bam2bw (_gendx-11)
Oct-12 17:10:26.550 [Actor Thread 45] INFO  nextflow.processor.TaskProcessor - [7b/c9ce75] Cached process > bam2bw (_gendx-5)
Oct-12 17:10:26.671 [Actor Thread 40] INFO  nextflow.processor.TaskProcessor - [60/667b28] Cached process > bam2bw (_gendx-4)
Oct-12 17:10:26.672 [main] DEBUG nextflow.Session - Session await > all processes finished
Oct-12 17:10:29.170 [main] DEBUG nextflow.Session - Session await > all barriers passed
Oct-12 17:10:34.172 [main] INFO  nextflow.util.ThreadPoolHelper - Waiting for file transfers to complete (32 files)
Oct-12 17:11:34.177 [main] DEBUG nextflow.util.ThreadPoolHelper - Waiting for file transfers to complete (32 files)
Oct-12 17:12:34.184 [main] DEBUG nextflow.util.ThreadPoolHelper - Waiting for file transfers to complete (32 files)
Oct-12 17:13:34.191 [main] DEBUG nextflow.util.ThreadPoolHelper - Waiting for file transfers to complete (32 files)
Oct-12 17:14:34.193 [main] DEBUG nextflow.util.ThreadPoolHelper - Waiting for file transfers to complete (32 files)
Oct-12 17:15:34.201 [main] DEBUG nextflow.util.ThreadPoolHelper - Waiting for file transfers to complete (32 files)
Oct-12 17:16:34.203 [main] DEBUG nextflow.util.ThreadPoolHelper - Waiting for file transfers to complete (32 files)
Oct-12 17:17:34.206 [main] DEBUG nextflow.util.ThreadPoolHelper - Waiting for file transfers to complete (32 files)
Oct-12 17:18:34.208 [main] DEBUG nextflow.util.ThreadPoolHelper - Waiting for file transfers to complete (32 files)
Oct-12 17:19:34.211 [main] DEBUG nextflow.util.ThreadPoolHelper - Waiting for file transfers to complete (32 files)
